<?xml version="1.0" encoding="UTF-8"?>
<!-- Generated by org.testng.reporters.JUnitXMLReporter -->
<testsuite hostname="LAPTOP-9674UGGD" name="Test" tests="12" failures="11" timestamp="6 Feb 2020 11:38:33 GMT" time="0.221" errors="0">
  <testcase name="tc1" time="0.036" classname="orgg.test.AutoRun2"/>
  <testcase name="tc2" time="0.006" classname="orgg.test.AutoRun2">
    <failure type="java.lang.AssertionError" message="expected [true] but found [false]">
      <![CDATA[java.lang.AssertionError: expected [true] but found [false]
	at orgg.test.AutoRun2.tc2(AutoRun2.java:17)
... Removed 28 stack frames]]>
    </failure>
  </testcase> <!-- tc2 -->
  <testcase name="tc2" time="0.007" classname="orgg.test.AutoRun2">
    <failure type="java.lang.AssertionError" message="expected [true] but found [false]">
      <![CDATA[java.lang.AssertionError: expected [true] but found [false]
	at orgg.test.AutoRun2.tc2(AutoRun2.java:17)
... Removed 28 stack frames]]>
    </failure>
  </testcase> <!-- tc2 -->
  <testcase name="tc2" time="0.007" classname="orgg.test.AutoRun2">
    <failure type="java.lang.AssertionError" message="expected [true] but found [false]">
      <![CDATA[java.lang.AssertionError: expected [true] but found [false]
	at orgg.test.AutoRun2.tc2(AutoRun2.java:17)
... Removed 28 stack frames]]>
    </failure>
  </testcase> <!-- tc2 -->
  <testcase name="tc2" time="0.004" classname="orgg.test.AutoRun2">
    <failure type="java.lang.AssertionError" message="expected [true] but found [false]">
      <![CDATA[java.lang.AssertionError: expected [true] but found [false]
	at orgg.test.AutoRun2.tc2(AutoRun2.java:17)
... Removed 28 stack frames]]>
    </failure>
  </testcase> <!-- tc2 -->
  <testcase name="tc2" time="0.006" classname="orgg.test.AutoRun2">
    <failure type="java.lang.AssertionError" message="expected [true] but found [false]">
      <![CDATA[java.lang.AssertionError: expected [true] but found [false]
	at orgg.test.AutoRun2.tc2(AutoRun2.java:17)
... Removed 28 stack frames]]>
    </failure>
  </testcase> <!-- tc2 -->
  <testcase name="tc2" time="0.002" classname="orgg.test.AutoRun2">
    <failure type="java.lang.AssertionError" message="expected [true] but found [false]">
      <![CDATA[java.lang.AssertionError: expected [true] but found [false]
	at orgg.test.AutoRun2.tc2(AutoRun2.java:17)
... Removed 28 stack frames]]>
    </failure>
  </testcase> <!-- tc2 -->
  <testcase name="tc2" time="0.006" classname="orgg.test.AutoRun2">
    <failure type="java.lang.AssertionError" message="expected [true] but found [false]">
      <![CDATA[java.lang.AssertionError: expected [true] but found [false]
	at orgg.test.AutoRun2.tc2(AutoRun2.java:17)
... Removed 28 stack frames]]>
    </failure>
  </testcase> <!-- tc2 -->
  <testcase name="tc2" time="0.005" classname="orgg.test.AutoRun2">
    <failure type="java.lang.AssertionError" message="expected [true] but found [false]">
      <![CDATA[java.lang.AssertionError: expected [true] but found [false]
	at orgg.test.AutoRun2.tc2(AutoRun2.java:17)
... Removed 28 stack frames]]>
    </failure>
  </testcase> <!-- tc2 -->
  <testcase name="tc2" time="0.004" classname="orgg.test.AutoRun2">
    <failure type="java.lang.AssertionError" message="expected [true] but found [false]">
      <![CDATA[java.lang.AssertionError: expected [true] but found [false]
	at orgg.test.AutoRun2.tc2(AutoRun2.java:17)
... Removed 28 stack frames]]>
    </failure>
  </testcase> <!-- tc2 -->
  <testcase name="tc2" time="0.003" classname="orgg.test.AutoRun2">
    <failure type="java.lang.AssertionError" message="expected [true] but found [false]">
      <![CDATA[java.lang.AssertionError: expected [true] but found [false]
	at orgg.test.AutoRun2.tc2(AutoRun2.java:17)
... Removed 28 stack frames]]>
    </failure>
  </testcase> <!-- tc2 -->
  <testcase name="tc2" time="0.003" classname="orgg.test.AutoRun2">
    <failure type="java.lang.AssertionError" message="expected [true] but found [false]">
      <![CDATA[java.lang.AssertionError: expected [true] but found [false]
	at orgg.test.AutoRun2.tc2(AutoRun2.java:17)
... Removed 28 stack frames]]>
    </failure>
  </testcase> <!-- tc2 -->
</testsuite> <!-- Test -->
